[8, 'QAOA', 'TFIM', -1, 2, 6, 'hypersphere', 10]
  0%|          | 0/5 [00:00<?, ?it/s]  0%|          | 0/5 [00:00<?, ?it/s]
Traceback (most recent call last):
  File "/home/lcur0346/VQE/K_finding.py", line 18, in <module>
    nfev_ratio, Overlap, E_a, E_t, E_a_t,_ = find_K(N, ansatz, H, iterations, order, log = False, matrix_min = matrix_min)
  File "/home/lcur0346/VQE/Func.py", line 19, in wrap
    result = f(*args, **kw)
  File "/home/lcur0346/VQE/K_cell_searching.py", line 95, in find_K
    matrix_min = scipy.optimize.minimize(cirq_Energy, theta_init, jac = False, args = (ansatz_cirq, H_cirq, K))
  File "/home/lcur0346/.conda/envs/dl2022/lib/python3.10/site-packages/scipy/optimize/_minimize.py", line 694, in minimize
    res = _minimize_bfgs(fun, x0, args, jac, callback, **options)
  File "/home/lcur0346/.conda/envs/dl2022/lib/python3.10/site-packages/scipy/optimize/_optimize.py", line 1283, in _minimize_bfgs
    sf = _prepare_scalar_function(fun, x0, jac, args=args, epsilon=eps,
  File "/home/lcur0346/.conda/envs/dl2022/lib/python3.10/site-packages/scipy/optimize/_optimize.py", line 263, in _prepare_scalar_function
    sf = ScalarFunction(fun, x0, args, grad, hess,
  File "/home/lcur0346/.conda/envs/dl2022/lib/python3.10/site-packages/scipy/optimize/_differentiable_functions.py", line 158, in __init__
    self._update_fun()
  File "/home/lcur0346/.conda/envs/dl2022/lib/python3.10/site-packages/scipy/optimize/_differentiable_functions.py", line 251, in _update_fun
    self._update_fun_impl()
  File "/home/lcur0346/.conda/envs/dl2022/lib/python3.10/site-packages/scipy/optimize/_differentiable_functions.py", line 155, in update_fun
    self.f = fun_wrapped(self.x)
  File "/home/lcur0346/.conda/envs/dl2022/lib/python3.10/site-packages/scipy/optimize/_differentiable_functions.py", line 137, in fun_wrapped
    fx = fun(np.copy(x), *args)
  File "/home/lcur0346/VQE/cirq_energy.py", line 7, in cirq_Energy
    theta = np.array(theta)+np.pi*K/4 #Add the K to the theta
TypeError: can't multiply sequence by non-int of type 'float'
srun: error: r28n1: task 0: Exited with exit code 1
